<?xml version="1.0" encoding="UTF-8"?>
<!-- Generated by org.testng.reporters.JUnitXMLReporter -->
<testsuite hostname="Sneha-MBP.cable.rcn.com" name="P1 pageloads" tests="6" failures="0" timestamp="23 Nov 2015 03:25:41 GMT" time="22.735" errors="0">
  <testcase name="checkPageLoad" time="9.958" classname="firsttestngpackage.SecondTestNGFile"/>
  <testcase name="filloutEmailFld" time="0.892" classname="firsttestngpackage.SecondTestNGFile"/>
  <testcase name="filloutPasswordFld" time="0.184" classname="firsttestngpackage.SecondTestNGFile"/>
  <testcase name="findSubmitButton" time="0.078" classname="firsttestngpackage.SecondTestNGFile"/>
  <testcase name="testCorrectLoginIn" time="6.711" classname="firsttestngpackage.SecondTestNGFile"/>
  <testcase name="findSearchBar" time="0.432" classname="firsttestngpackage.SecondTestNGFile"/>
</testsuite> <!-- P1 pageloads -->
